<?xml version="1.0" encoding="UTF-8"?>
<!-- Generated by org.testng.reporters.JUnitXMLReporter -->
<testsuite ignored="0" hostname="DESKTOP-6RB7BQR" failures="0" tests="5" name="Test" time="3.922" errors="0" timestamp="2020-12-24T13:27:21 IST">
  <testcase classname="Test.SampleTest" name="test1" time="2.427"/>
  <testcase classname="Test.SampleTest" name="test2" time="0.569"/>
  <testcase classname="Test.SampleTest" name="test3" time="0.488"/>
  <testcase classname="Test.SampleTest" name="test4" time="0.1"/>
  <testcase classname="Test.SampleTest" name="test5" time="0.257"/>
</testsuite> <!-- Test -->
