<?xml version="1.0" encoding="UTF-8"?>
<testng-results ignored="5" total="6" passed="1" failed="0" skipped="0">
  <reporter-output>
  </reporter-output>
  <suite started-at="2020-12-24T13:47:15 IST" name="Default suite" finished-at="2020-12-24T13:47:15 IST" duration-ms="962">
    <groups>
    </groups>
    <test started-at="2020-12-24T13:47:15 IST" name="Default test" finished-at="2020-12-24T13:47:15 IST" duration-ms="962">
      <class name="Test.SampleTest">
        <test-method signature="test6()[pri:0, instance:Test.SampleTest@48fa0f47]" started-at="2020-12-24T13:47:15 IST" name="test6" finished-at="2020-12-24T13:47:15 IST" duration-ms="919" status="PASS">
          <reporter-output>
          </reporter-output>
        </test-method> <!-- test6 -->
      </class> <!-- Test.SampleTest -->
    </test> <!-- Default test -->
  </suite> <!-- Default suite -->
</testng-results>
